0 info it worked if it ends with ok
1 verbose cli [ 'node', '/usr/local/bin/npm', 'install', '-g', 'ios-sim' ]
2 info using npm@2.10.1
3 info using node@v0.12.4
4 verbose install initial load of /usr/local/lib/package.json
5 verbose readDependencies loading dependencies from /usr/local/lib/package.json
6 silly cache add args [ 'ios-sim', null ]
7 verbose cache add spec ios-sim
8 silly cache add parsed spec { raw: 'ios-sim',
8 silly cache add   scope: null,
8 silly cache add   name: 'ios-sim',
8 silly cache add   rawSpec: '',
8 silly cache add   spec: '*',
8 silly cache add   type: 'range' }
9 silly addNamed ios-sim@*
10 verbose addNamed "*" is a valid semver range for ios-sim
11 silly addNameRange { name: 'ios-sim', range: '*', hasData: false }
12 silly mapToRegistry name ios-sim
13 silly mapToRegistry using default registry
14 silly mapToRegistry registry https://registry.npmjs.org/
15 silly mapToRegistry uri https://registry.npmjs.org/ios-sim
16 verbose addNameRange registry:https://registry.npmjs.org/ios-sim not in flight; fetching
17 verbose request uri https://registry.npmjs.org/ios-sim
18 verbose request no auth needed
19 info attempt registry request try #1 at 1:51:13 PM
20 verbose request id aeddf5235e6ca5e8
21 http request GET https://registry.npmjs.org/ios-sim
22 http 200 https://registry.npmjs.org/ios-sim
23 silly get cb [ 200,
23 silly get   { server: 'CouchDB/1.5.0 (Erlang OTP/R16B03)',
23 silly get     etag: '"1DM0MTV65SL308Q45HCJAASC1"',
23 silly get     'content-type': 'application/json',
23 silly get     'cache-control': 'max-age=60',
23 silly get     'content-length': '16052',
23 silly get     'accept-ranges': 'bytes',
23 silly get     date: 'Fri, 26 Jun 2015 05:51:16 GMT',
23 silly get     via: '1.1 varnish',
23 silly get     age: '0',
23 silly get     connection: 'keep-alive',
23 silly get     'x-served-by': 'cache-bma7028-BMA',
23 silly get     'x-cache': 'MISS',
23 silly get     'x-cache-hits': '0',
23 silly get     'x-timer': 'S1435297875.340119,VS0,VE774',
23 silly get     vary: 'Accept' } ]
24 verbose get saving ios-sim to /Users/sunhao/.npm/registry.npmjs.org/ios-sim/.cache.json
25 silly addNameRange number 2 { name: 'ios-sim', range: '*', hasData: true }
26 silly addNameRange versions [ 'ios-sim',
26 silly addNameRange   [ '1.8.0',
26 silly addNameRange     '1.8.1',
26 silly addNameRange     '1.8.2',
26 silly addNameRange     '1.9.0',
26 silly addNameRange     '2.0.0',
26 silly addNameRange     '2.0.1',
26 silly addNameRange     '3.0.0',
26 silly addNameRange     '3.1.0',
26 silly addNameRange     '3.1.1',
26 silly addNameRange     '4.1.0',
26 silly addNameRange     '4.1.1' ] ]
27 silly addNamed ios-sim@4.1.1
28 verbose addNamed "4.1.1" is a plain semver version for ios-sim
29 silly mapToRegistry name ios-sim
30 silly mapToRegistry using default registry
31 silly mapToRegistry registry https://registry.npmjs.org/
32 silly mapToRegistry uri https://registry.npmjs.org/ios-sim
33 verbose addRemoteTarball https://registry.npmjs.org/ios-sim/-/ios-sim-4.1.1.tgz not in flight; adding
34 verbose addRemoteTarball [ 'https://registry.npmjs.org/ios-sim/-/ios-sim-4.1.1.tgz',
34 verbose addRemoteTarball   '3458eca5e5d5e97ae11f19e35f6768584dcbf7cd' ]
35 info retry fetch attempt 1 at 1:51:16 PM
36 info attempt registry request try #1 at 1:51:16 PM
37 http fetch GET https://registry.npmjs.org/ios-sim/-/ios-sim-4.1.1.tgz
38 http fetch 200 https://registry.npmjs.org/ios-sim/-/ios-sim-4.1.1.tgz
39 silly fetchAndShaCheck shasum 3458eca5e5d5e97ae11f19e35f6768584dcbf7cd
40 verbose addTmpTarball /var/folders/h6/cqn3tcxx0ml6yy32t3h2clrc0000gn/T/npm-7611-f2d3b87c/registry.npmjs.org/ios-sim/-/ios-sim-4.1.1.tgz not in flight; adding
41 verbose addTmpTarball already have metadata; skipping unpack for ios-sim@4.1.1
42 silly cache afterAdd ios-sim@4.1.1
43 verbose afterAdd /Users/sunhao/.npm/ios-sim/4.1.1/package/package.json not in flight; writing
44 verbose afterAdd /Users/sunhao/.npm/ios-sim/4.1.1/package/package.json written
45 silly install resolved [ { name: 'ios-sim',
45 silly install resolved     version: '4.1.1',
45 silly install resolved     os: [ 'darwin' ],
45 silly install resolved     preferGlobal: 'true',
45 silly install resolved     description: 'launch iOS apps into the iOS Simulator from the command line (Xcode 6.0+)',
45 silly install resolved     main: 'ios-sim',
45 silly install resolved     repository: { type: 'git', url: 'https://github.com/phonegap/ios-sim' },
45 silly install resolved     engines: { node: '>=0.10.0' },
45 silly install resolved     keywords: [ 'ios-sim', 'iOS Simulator' ],
45 silly install resolved     bin: { 'ios-sim': './bin/ios-sim' },
45 silly install resolved     bugs: { url: 'https://github.com/phonegap/ios-sim/issues' },
45 silly install resolved     author: { name: 'Shazron Abdullah' },
45 silly install resolved     license: 'MIT',
45 silly install resolved     dependencies: { simctl: '^0.0.6', nopt: '1.0.9', 'bplist-parser': '^0.0.6' },
45 silly install resolved     gitHead: 'a0f2e2d8e4deca377b70041f3cbb2a529f6fa5e5',
45 silly install resolved     homepage: 'https://github.com/phonegap/ios-sim',
45 silly install resolved     _id: 'ios-sim@4.1.1',
45 silly install resolved     scripts: {},
45 silly install resolved     _shasum: '3458eca5e5d5e97ae11f19e35f6768584dcbf7cd',
45 silly install resolved     _from: 'ios-sim@*',
45 silly install resolved     _npmVersion: '2.5.1',
45 silly install resolved     _nodeVersion: '0.12.0',
45 silly install resolved     _npmUser: { name: 'shazron', email: 'shazron@gmail.com' },
45 silly install resolved     maintainers: [ [Object], [Object], [Object] ],
45 silly install resolved     dist:
45 silly install resolved      { shasum: '3458eca5e5d5e97ae11f19e35f6768584dcbf7cd',
45 silly install resolved        tarball: 'http://registry.npmjs.org/ios-sim/-/ios-sim-4.1.1.tgz' },
45 silly install resolved     directories: {},
45 silly install resolved     _resolved: 'https://registry.npmjs.org/ios-sim/-/ios-sim-4.1.1.tgz' } ]
46 info install ios-sim@4.1.1 into /usr/local/lib
47 info installOne ios-sim@4.1.1
48 verbose installOne of ios-sim to /usr/local/lib not in flight; installing
49 verbose lock using /Users/sunhao/.npm/_locks/ios-sim-3bb56db538048d2f.lock for /usr/local/lib/node_modules/ios-sim
50 silly install write writing ios-sim 4.1.1 to /usr/local/lib/node_modules/ios-sim
51 verbose unbuild lib/node_modules/ios-sim
52 silly gentlyRm /usr/local/lib/node_modules/ios-sim is being purged from base /usr/local
53 verbose gentlyRm don't care about contents; nuking /usr/local/lib/node_modules/ios-sim
54 verbose tar unpack /Users/sunhao/.npm/ios-sim/4.1.1/package.tgz
55 verbose tar unpacking to /usr/local/lib/node_modules/ios-sim
56 silly gentlyRm /usr/local/lib/node_modules/ios-sim is being purged
57 verbose gentlyRm don't care about contents; nuking /usr/local/lib/node_modules/ios-sim
58 silly gunzTarPerm modes [ '755', '644' ]
59 error tar.unpack untar error /Users/sunhao/.npm/ios-sim/4.1.1/package.tgz
60 verbose unlock done using /Users/sunhao/.npm/_locks/ios-sim-3bb56db538048d2f.lock for /usr/local/lib/node_modules/ios-sim
61 verbose fstream_path /usr/local/lib/node_modules/ios-sim
62 verbose fstream_type Directory
63 verbose fstream_class DirWriter
64 verbose stack Error: EACCES, mkdir '/usr/local/lib/node_modules/ios-sim'
64 verbose stack     at Error (native)
65 verbose fstream_stack /usr/local/lib/node_modules/npm/node_modules/fstream/lib/dir-writer.js:35:25
65 verbose fstream_stack /usr/local/lib/node_modules/npm/node_modules/mkdirp/index.js:47:53
65 verbose fstream_stack FSReqWrap.oncomplete (fs.js:95:15)
66 verbose cwd /Users/sunhao/webstormProject/custApp
67 error Darwin 14.3.0
68 error argv "node" "/usr/local/bin/npm" "install" "-g" "ios-sim"
69 error node v0.12.4
70 error npm  v2.10.1
71 error path /usr/local/lib/node_modules/ios-sim
72 error code EACCES
73 error errno -13
74 error Error: EACCES, mkdir '/usr/local/lib/node_modules/ios-sim'
74 error     at Error (native)
74 error  { [Error: EACCES, mkdir '/usr/local/lib/node_modules/ios-sim']
74 error   errno: -13,
74 error   code: 'EACCES',
74 error   path: '/usr/local/lib/node_modules/ios-sim',
74 error   fstream_type: 'Directory',
74 error   fstream_path: '/usr/local/lib/node_modules/ios-sim',
74 error   fstream_class: 'DirWriter',
74 error   fstream_stack:
74 error    [ '/usr/local/lib/node_modules/npm/node_modules/fstream/lib/dir-writer.js:35:25',
74 error      '/usr/local/lib/node_modules/npm/node_modules/mkdirp/index.js:47:53',
74 error      'FSReqWrap.oncomplete (fs.js:95:15)' ] }
75 error Please try running this command again as root/Administrator.
76 verbose exit [ -13, true ]
77 verbose unbuild lib/node_modules/ios-sim
78 silly gentlyRm /usr/local/lib/node_modules/ios-sim is being purged from base /usr/local
79 verbose gentlyRm don't care about contents; nuking /usr/local/lib/node_modules/ios-sim
